<?xml version="1.0" encoding="UTF-8"?>
<coverage generated="1727999377683" clover="3.2.0">
  <project timestamp="1727999377683" name="All files">
    <metrics statements="90" coveredstatements="85" conditionals="55" coveredconditionals="51" methods="15" coveredmethods="15" elements="160" coveredelements="151" complexity="0" loc="90" ncloc="90" packages="1" files="1" classes="1"/>
    <file name="index.ts" path="/Users/joemiddie13/Dominican/fall-2024/3310-javascript-libraries/date-lib/src/index.ts">
      <metrics statements="90" coveredstatements="85" conditionals="55" coveredconditionals="51" methods="15" coveredmethods="15"/>
      <line num="1" count="1" type="stmt"/>
      <line num="4" count="121" type="stmt"/>
      <line num="5" count="23" type="cond" truecount="2" falsecount="0"/>
      <line num="6" count="1" type="stmt"/>
      <line num="7" count="22" type="cond" truecount="4" falsecount="0"/>
      <line num="8" count="1" type="stmt"/>
      <line num="9" count="21" type="cond" truecount="4" falsecount="0"/>
      <line num="10" count="2" type="stmt"/>
      <line num="12" count="19" type="stmt"/>
      <line num="17" count="1" type="stmt"/>
      <line num="18" count="16" type="stmt"/>
      <line num="21" count="1" type="stmt"/>
      <line num="22" count="16" type="stmt"/>
      <line num="26" count="1" type="stmt"/>
      <line num="27" count="33" type="stmt"/>
      <line num="31" count="33" type="stmt"/>
      <line num="34" count="1" type="stmt"/>
      <line num="35" count="16" type="stmt"/>
      <line num="39" count="1" type="stmt"/>
      <line num="40" count="32" type="stmt"/>
      <line num="44" count="32" type="stmt"/>
      <line num="47" count="1" type="stmt"/>
      <line num="48" count="16" type="stmt"/>
      <line num="52" count="1" type="stmt"/>
      <line num="53" count="48" type="stmt"/>
      <line num="57" count="1" type="stmt"/>
      <line num="58" count="32" type="stmt"/>
      <line num="61" count="1" type="stmt"/>
      <line num="62" count="32" type="stmt"/>
      <line num="65" count="1" type="stmt"/>
      <line num="66" count="32" type="stmt"/>
      <line num="74" count="17" type="cond" truecount="1" falsecount="0"/>
      <line num="75" count="16" type="stmt"/>
      <line num="93" count="16" type="stmt"/>
      <line num="94" count="16" type="stmt"/>
      <line num="96" count="80" type="stmt"/>
      <line num="97" count="80" type="cond" truecount="1" falsecount="0"/>
      <line num="98" count="7" type="stmt"/>
      <line num="99" count="7" type="stmt"/>
      <line num="100" count="7" type="stmt"/>
      <line num="103" count="73" type="cond" truecount="1" falsecount="0"/>
      <line num="104" count="7" type="stmt"/>
      <line num="105" count="7" type="stmt"/>
      <line num="108" count="66" type="cond" truecount="2" falsecount="0"/>
      <line num="109" count="40" type="stmt"/>
      <line num="111" count="26" type="stmt"/>
      <line num="115" count="16" type="stmt"/>
      <line num="123" count="1" type="stmt"/>
      <line num="124" count="16" type="stmt"/>
      <line num="125" count="16" type="cond" truecount="3" falsecount="0"/>
      <line num="126" count="15" type="cond" truecount="4" falsecount="0"/>
      <line num="127" count="3" type="stmt"/>
      <line num="128" count="5" type="stmt"/>
      <line num="129" count="4" type="stmt"/>
      <line num="130" count="3" type="stmt"/>
      <line num="138" count="1" type="stmt"/>
      <line num="139" count="9" type="stmt"/>
      <line num="140" count="9" type="stmt"/>
      <line num="141" count="9" type="stmt"/>
      <line num="142" count="9" type="stmt"/>
      <line num="143" count="9" type="stmt"/>
      <line num="145" count="9" type="cond" truecount="2" falsecount="0"/>
      <line num="146" count="1" type="stmt"/>
      <line num="147" count="8" type="cond" truecount="2" falsecount="0"/>
      <line num="148" count="1" type="stmt"/>
      <line num="149" count="7" type="cond" truecount="2" falsecount="0"/>
      <line num="150" count="1" type="stmt"/>
      <line num="151" count="6" type="cond" truecount="4" falsecount="0"/>
      <line num="152" count="1" type="stmt"/>
      <line num="153" count="5" type="cond" truecount="4" falsecount="0"/>
      <line num="154" count="1" type="stmt"/>
      <line num="155" count="4" type="cond" truecount="1" falsecount="1"/>
      <line num="156" count="0" type="stmt"/>
      <line num="157" count="4" type="cond" truecount="1" falsecount="1"/>
      <line num="158" count="0" type="stmt"/>
      <line num="159" count="4" type="cond" truecount="4" falsecount="0"/>
      <line num="160" count="1" type="stmt"/>
      <line num="161" count="3" type="cond" truecount="4" falsecount="0"/>
      <line num="162" count="1" type="stmt"/>
      <line num="163" count="2" type="cond" truecount="1" falsecount="1"/>
      <line num="164" count="0" type="stmt"/>
      <line num="165" count="2" type="cond" truecount="1" falsecount="1"/>
      <line num="166" count="0" type="stmt"/>
      <line num="167" count="2" type="cond" truecount="2" falsecount="0"/>
      <line num="168" count="1" type="stmt"/>
      <line num="169" count="1" type="cond" truecount="1" falsecount="0"/>
      <line num="170" count="1" type="stmt"/>
      <line num="172" count="0" type="stmt"/>
      <line num="174" count="1" type="stmt"/>
      <line num="176" count="1" type="stmt"/>
    </file>
  </project>
</coverage>
