<?xml version="1.0" encoding="UTF-8"?>
<coverage generated="1728428592636" clover="3.2.0">
  <project timestamp="1728428592636" name="All files">
    <metrics statements="90" coveredstatements="85" conditionals="55" coveredconditionals="51" methods="15" coveredmethods="15" elements="160" coveredelements="151" complexity="0" loc="90" ncloc="90" packages="1" files="1" classes="1"/>
    <file name="index.ts" path="/Users/joemiddie13/Dominican/fall-2024/3310-javascript-libraries/date-lib/src/index.ts">
      <metrics statements="90" coveredstatements="85" conditionals="55" coveredconditionals="51" methods="15" coveredmethods="15"/>
      <line num="1" count="1" type="stmt"/>
      <line num="4" count="121" type="stmt"/>
      <line num="6" count="23" type="cond" truecount="2" falsecount="0"/>
      <line num="7" count="1" type="stmt"/>
      <line num="8" count="22" type="cond" truecount="4" falsecount="0"/>
      <line num="9" count="1" type="stmt"/>
      <line num="10" count="21" type="cond" truecount="4" falsecount="0"/>
      <line num="11" count="2" type="stmt"/>
      <line num="13" count="19" type="stmt"/>
      <line num="18" count="1" type="stmt"/>
      <line num="19" count="16" type="stmt"/>
      <line num="22" count="1" type="stmt"/>
      <line num="23" count="16" type="stmt"/>
      <line num="27" count="1" type="stmt"/>
      <line num="28" count="33" type="stmt"/>
      <line num="32" count="33" type="stmt"/>
      <line num="35" count="1" type="stmt"/>
      <line num="36" count="16" type="stmt"/>
      <line num="40" count="1" type="stmt"/>
      <line num="41" count="32" type="stmt"/>
      <line num="45" count="32" type="stmt"/>
      <line num="48" count="1" type="stmt"/>
      <line num="49" count="16" type="stmt"/>
      <line num="53" count="1" type="stmt"/>
      <line num="54" count="48" type="stmt"/>
      <line num="58" count="1" type="stmt"/>
      <line num="59" count="32" type="stmt"/>
      <line num="62" count="1" type="stmt"/>
      <line num="63" count="32" type="stmt"/>
      <line num="66" count="1" type="stmt"/>
      <line num="67" count="32" type="stmt"/>
      <line num="75" count="17" type="cond" truecount="1" falsecount="0"/>
      <line num="76" count="16" type="stmt"/>
      <line num="94" count="16" type="stmt"/>
      <line num="95" count="16" type="stmt"/>
      <line num="97" count="80" type="stmt"/>
      <line num="98" count="80" type="cond" truecount="1" falsecount="0"/>
      <line num="99" count="7" type="stmt"/>
      <line num="100" count="7" type="stmt"/>
      <line num="101" count="7" type="stmt"/>
      <line num="104" count="73" type="cond" truecount="1" falsecount="0"/>
      <line num="105" count="7" type="stmt"/>
      <line num="106" count="7" type="stmt"/>
      <line num="109" count="66" type="cond" truecount="2" falsecount="0"/>
      <line num="110" count="40" type="stmt"/>
      <line num="112" count="26" type="stmt"/>
      <line num="116" count="16" type="stmt"/>
      <line num="124" count="1" type="stmt"/>
      <line num="125" count="16" type="stmt"/>
      <line num="126" count="16" type="cond" truecount="3" falsecount="0"/>
      <line num="127" count="12" type="cond" truecount="4" falsecount="0"/>
      <line num="128" count="3" type="stmt"/>
      <line num="129" count="5" type="stmt"/>
      <line num="130" count="1" type="stmt"/>
      <line num="131" count="3" type="stmt"/>
      <line num="139" count="1" type="stmt"/>
      <line num="140" count="9" type="stmt"/>
      <line num="141" count="9" type="stmt"/>
      <line num="142" count="9" type="stmt"/>
      <line num="143" count="9" type="stmt"/>
      <line num="144" count="9" type="stmt"/>
      <line num="146" count="9" type="cond" truecount="2" falsecount="0"/>
      <line num="147" count="1" type="stmt"/>
      <line num="148" count="8" type="cond" truecount="2" falsecount="0"/>
      <line num="149" count="1" type="stmt"/>
      <line num="150" count="7" type="cond" truecount="2" falsecount="0"/>
      <line num="151" count="1" type="stmt"/>
      <line num="152" count="6" type="cond" truecount="4" falsecount="0"/>
      <line num="153" count="1" type="stmt"/>
      <line num="154" count="5" type="cond" truecount="4" falsecount="0"/>
      <line num="155" count="1" type="stmt"/>
      <line num="156" count="4" type="cond" truecount="1" falsecount="1"/>
      <line num="157" count="0" type="stmt"/>
      <line num="158" count="4" type="cond" truecount="1" falsecount="1"/>
      <line num="159" count="0" type="stmt"/>
      <line num="160" count="4" type="cond" truecount="4" falsecount="0"/>
      <line num="161" count="1" type="stmt"/>
      <line num="162" count="3" type="cond" truecount="4" falsecount="0"/>
      <line num="163" count="1" type="stmt"/>
      <line num="164" count="2" type="cond" truecount="1" falsecount="1"/>
      <line num="165" count="0" type="stmt"/>
      <line num="166" count="2" type="cond" truecount="1" falsecount="1"/>
      <line num="167" count="0" type="stmt"/>
      <line num="168" count="2" type="cond" truecount="2" falsecount="0"/>
      <line num="169" count="1" type="stmt"/>
      <line num="170" count="1" type="cond" truecount="1" falsecount="0"/>
      <line num="171" count="1" type="stmt"/>
      <line num="173" count="0" type="stmt"/>
      <line num="175" count="1" type="stmt"/>
      <line num="177" count="1" type="stmt"/>
    </file>
  </project>
</coverage>
