{"/Users/joemiddie13/Dominican/fall-2024/3310-javascript-libraries/date-lib/src/index.ts": {"path":"/Users/joemiddie13/Dominican/fall-2024/3310-javascript-libraries/date-lib/src/index.ts","statementMap":{"0":{"start":{"line":1,"column":0},"end":{"line":1,"column":null}},"1":{"start":{"line":4,"column":14},"end":{"line":4,"column":28}},"2":{"start":{"line":6,"column":4},"end":{"line":14,"column":5}},"3":{"start":{"line":7,"column":6},"end":{"line":7,"column":30}},"4":{"start":{"line":8,"column":11},"end":{"line":14,"column":5}},"5":{"start":{"line":9,"column":6},"end":{"line":9,"column":47}},"6":{"start":{"line":10,"column":11},"end":{"line":14,"column":5}},"7":{"start":{"line":11,"column":6},"end":{"line":11,"column":37}},"8":{"start":{"line":13,"column":6},"end":{"line":13,"column":98}},"9":{"start":{"line":18,"column":2},"end":{"line":20,"column":null}},"10":{"start":{"line":19,"column":4},"end":{"line":19,"column":36}},"11":{"start":{"line":22,"column":2},"end":{"line":24,"column":null}},"12":{"start":{"line":23,"column":4},"end":{"line":23,"column":42}},"13":{"start":{"line":27,"column":2},"end":{"line":33,"column":null}},"14":{"start":{"line":28,"column":29},"end":{"line":31,"column":6}},"15":{"start":{"line":32,"column":4},"end":{"line":32,"column":41}},"16":{"start":{"line":35,"column":2},"end":{"line":37,"column":null}},"17":{"start":{"line":36,"column":4},"end":{"line":36,"column":38}},"18":{"start":{"line":40,"column":2},"end":{"line":46,"column":null}},"19":{"start":{"line":41,"column":27},"end":{"line":44,"column":6}},"20":{"start":{"line":45,"column":4},"end":{"line":45,"column":37}},"21":{"start":{"line":48,"column":2},"end":{"line":50,"column":null}},"22":{"start":{"line":49,"column":4},"end":{"line":49,"column":36}},"23":{"start":{"line":53,"column":2},"end":{"line":55,"column":null}},"24":{"start":{"line":54,"column":4},"end":{"line":54,"column":32}},"25":{"start":{"line":58,"column":2},"end":{"line":60,"column":null}},"26":{"start":{"line":59,"column":4},"end":{"line":59,"column":33}},"27":{"start":{"line":62,"column":2},"end":{"line":64,"column":null}},"28":{"start":{"line":63,"column":4},"end":{"line":63,"column":35}},"29":{"start":{"line":66,"column":2},"end":{"line":68,"column":null}},"30":{"start":{"line":67,"column":4},"end":{"line":67,"column":35}},"31":{"start":{"line":75,"column":2},"end":{"line":117,"column":null}},"32":{"start":{"line":75,"column":9},"end":{"line":75,"column":null}},"33":{"start":{"line":76,"column":49},"end":{"line":92,"column":6}},"34":{"start":{"line":94,"column":20},"end":{"line":94,"column":22}},"35":{"start":{"line":95,"column":21},"end":{"line":95,"column":26}},"36":{"start":{"line":97,"column":4},"end":{"line":114,"column":5}},"37":{"start":{"line":97,"column":21},"end":{"line":97,"column":25}},"38":{"start":{"line":97,"column":17},"end":{"line":97,"column":21}},"39":{"start":{"line":98,"column":6},"end":{"line":102,"column":7}},"40":{"start":{"line":99,"column":8},"end":{"line":99,"column":26}},"41":{"start":{"line":100,"column":8},"end":{"line":100,"column":27}},"42":{"start":{"line":101,"column":8},"end":{"line":101,"column":17}},"43":{"start":{"line":104,"column":6},"end":{"line":107,"column":7}},"44":{"start":{"line":105,"column":8},"end":{"line":105,"column":26}},"45":{"start":{"line":106,"column":8},"end":{"line":106,"column":17}},"46":{"start":{"line":109,"column":6},"end":{"line":113,"column":7}},"47":{"start":{"line":110,"column":8},"end":{"line":110,"column":37}},"48":{"start":{"line":112,"column":8},"end":{"line":112,"column":26}},"49":{"start":{"line":116,"column":4},"end":{"line":116,"column":21}},"50":{"start":{"line":124,"column":10},"end":{"line":133,"column":null}},"51":{"start":{"line":125,"column":17},"end":{"line":125,"column":26}},"52":{"start":{"line":126,"column":4},"end":{"line":126,"column":50}},"53":{"start":{"line":126,"column":31},"end":{"line":126,"column":50}},"54":{"start":{"line":127,"column":4},"end":{"line":132,"column":5}},"55":{"start":{"line":128,"column":14},"end":{"line":128,"column":33}},"56":{"start":{"line":129,"column":14},"end":{"line":129,"column":33}},"57":{"start":{"line":130,"column":14},"end":{"line":130,"column":33}},"58":{"start":{"line":131,"column":15},"end":{"line":131,"column":34}},"59":{"start":{"line":139,"column":2},"end":{"line":174,"column":null}},"60":{"start":{"line":140,"column":16},"end":{"line":140,"column":26}},"61":{"start":{"line":141,"column":17},"end":{"line":141,"column":53}},"62":{"start":{"line":142,"column":21},"end":{"line":142,"column":61}},"63":{"start":{"line":143,"column":23},"end":{"line":143,"column":117}},"64":{"start":{"line":144,"column":22},"end":{"line":144,"column":66}},"65":{"start":{"line":146,"column":4},"end":{"line":172,"column":5}},"66":{"start":{"line":147,"column":6},"end":{"line":147,"column":21}},"67":{"start":{"line":148,"column":11},"end":{"line":172,"column":5}},"68":{"start":{"line":149,"column":6},"end":{"line":149,"column":24}},"69":{"start":{"line":150,"column":11},"end":{"line":172,"column":5}},"70":{"start":{"line":151,"column":6},"end":{"line":151,"column":25}},"71":{"start":{"line":152,"column":11},"end":{"line":172,"column":5}},"72":{"start":{"line":153,"column":6},"end":{"line":153,"column":41}},"73":{"start":{"line":154,"column":11},"end":{"line":172,"column":5}},"74":{"start":{"line":155,"column":6},"end":{"line":155,"column":37}},"75":{"start":{"line":156,"column":11},"end":{"line":172,"column":5}},"76":{"start":{"line":157,"column":6},"end":{"line":157,"column":32}},"77":{"start":{"line":158,"column":11},"end":{"line":172,"column":5}},"78":{"start":{"line":159,"column":6},"end":{"line":159,"column":27}},"79":{"start":{"line":160,"column":11},"end":{"line":172,"column":5}},"80":{"start":{"line":161,"column":6},"end":{"line":161,"column":45}},"81":{"start":{"line":162,"column":11},"end":{"line":172,"column":5}},"82":{"start":{"line":163,"column":6},"end":{"line":163,"column":41}},"83":{"start":{"line":164,"column":11},"end":{"line":172,"column":5}},"84":{"start":{"line":165,"column":6},"end":{"line":165,"column":31}},"85":{"start":{"line":166,"column":11},"end":{"line":172,"column":5}},"86":{"start":{"line":167,"column":6},"end":{"line":167,"column":26}},"87":{"start":{"line":168,"column":11},"end":{"line":172,"column":5}},"88":{"start":{"line":169,"column":6},"end":{"line":169,"column":43}},"89":{"start":{"line":170,"column":11},"end":{"line":172,"column":5}},"90":{"start":{"line":171,"column":6},"end":{"line":171,"column":39}},"91":{"start":{"line":173,"column":4},"end":{"line":173,"column":14}},"92":{"start":{"line":175,"column":0},"end":{"line":175,"column":null}},"93":{"start":{"line":177,"column":0},"end":{"line":177,"column":17}}},"fnMap":{"0":{"name":"(anonymous_1)","decl":{"start":{"line":1,"column":0},"end":{"line":1,"column":null}},"loc":{"start":{"line":1,"column":0},"end":{"line":175,"column":null}}},"1":{"name":"D","decl":{"start":{"line":4,"column":2},"end":{"line":4,"column":14}},"loc":{"start":{"line":4,"column":2},"end":{"line":15,"column":3}}},"2":{"name":"(anonymous_3)","decl":{"start":{"line":18,"column":2},"end":{"line":18,"column":6}},"loc":{"start":{"line":18,"column":2},"end":{"line":20,"column":3}}},"3":{"name":"(anonymous_4)","decl":{"start":{"line":22,"column":2},"end":{"line":22,"column":6}},"loc":{"start":{"line":22,"column":2},"end":{"line":24,"column":3}}},"4":{"name":"(anonymous_5)","decl":{"start":{"line":27,"column":2},"end":{"line":27,"column":6}},"loc":{"start":{"line":27,"column":2},"end":{"line":33,"column":3}}},"5":{"name":"(anonymous_6)","decl":{"start":{"line":35,"column":2},"end":{"line":35,"column":6}},"loc":{"start":{"line":35,"column":2},"end":{"line":37,"column":3}}},"6":{"name":"(anonymous_7)","decl":{"start":{"line":40,"column":2},"end":{"line":40,"column":6}},"loc":{"start":{"line":40,"column":2},"end":{"line":46,"column":3}}},"7":{"name":"(anonymous_8)","decl":{"start":{"line":48,"column":2},"end":{"line":48,"column":6}},"loc":{"start":{"line":48,"column":2},"end":{"line":50,"column":3}}},"8":{"name":"(anonymous_9)","decl":{"start":{"line":53,"column":2},"end":{"line":53,"column":6}},"loc":{"start":{"line":53,"column":2},"end":{"line":55,"column":3}}},"9":{"name":"(anonymous_10)","decl":{"start":{"line":58,"column":2},"end":{"line":58,"column":6}},"loc":{"start":{"line":58,"column":2},"end":{"line":60,"column":3}}},"10":{"name":"(anonymous_11)","decl":{"start":{"line":62,"column":2},"end":{"line":62,"column":6}},"loc":{"start":{"line":62,"column":2},"end":{"line":64,"column":3}}},"11":{"name":"(anonymous_12)","decl":{"start":{"line":66,"column":2},"end":{"line":66,"column":6}},"loc":{"start":{"line":66,"column":2},"end":{"line":68,"column":3}}},"12":{"name":"(anonymous_13)","decl":{"start":{"line":75,"column":2},"end":{"line":75,"column":8}},"loc":{"start":{"line":75,"column":31},"end":{"line":117,"column":3}}},"13":{"name":"(anonymous_14)","decl":{"start":{"line":124,"column":2},"end":{"line":124,"column":10}},"loc":{"start":{"line":124,"column":2},"end":{"line":133,"column":3}}},"14":{"name":"(anonymous_15)","decl":{"start":{"line":139,"column":2},"end":{"line":139,"column":6}},"loc":{"start":{"line":139,"column":2},"end":{"line":174,"column":3}}}},"branchMap":{"0":{"loc":{"start":{"line":6,"column":4},"end":{"line":14,"column":5}},"type":"if","locations":[{"start":{"line":6,"column":4},"end":{"line":14,"column":5}},{"start":{"line":8,"column":11},"end":{"line":14,"column":5}}]},"1":{"loc":{"start":{"line":8,"column":11},"end":{"line":14,"column":5}},"type":"if","locations":[{"start":{"line":8,"column":11},"end":{"line":14,"column":5}},{"start":{"line":10,"column":11},"end":{"line":14,"column":5}}]},"2":{"loc":{"start":{"line":8,"column":15},"end":{"line":8,"column":59}},"type":"binary-expr","locations":[{"start":{"line":8,"column":15},"end":{"line":8,"column":32}},{"start":{"line":8,"column":36},"end":{"line":8,"column":59}}]},"3":{"loc":{"start":{"line":10,"column":11},"end":{"line":14,"column":5}},"type":"if","locations":[{"start":{"line":10,"column":11},"end":{"line":14,"column":5}},{"start":{"line":12,"column":11},"end":{"line":14,"column":5}}]},"4":{"loc":{"start":{"line":10,"column":15},"end":{"line":10,"column":63}},"type":"binary-expr","locations":[{"start":{"line":10,"column":15},"end":{"line":10,"column":32}},{"start":{"line":10,"column":36},"end":{"line":10,"column":63}}]},"5":{"loc":{"start":{"line":75,"column":9},"end":{"line":75,"column":null}},"type":"if","locations":[{"start":{"line":75,"column":9},"end":{"line":75,"column":null}}]},"6":{"loc":{"start":{"line":98,"column":6},"end":{"line":102,"column":7}},"type":"if","locations":[{"start":{"line":98,"column":6},"end":{"line":102,"column":7}}]},"7":{"loc":{"start":{"line":104,"column":6},"end":{"line":107,"column":7}},"type":"if","locations":[{"start":{"line":104,"column":6},"end":{"line":107,"column":7}}]},"8":{"loc":{"start":{"line":109,"column":6},"end":{"line":113,"column":7}},"type":"if","locations":[{"start":{"line":109,"column":6},"end":{"line":113,"column":7}},{"start":{"line":111,"column":13},"end":{"line":113,"column":7}}]},"9":{"loc":{"start":{"line":126,"column":4},"end":{"line":126,"column":50}},"type":"if","locations":[{"start":{"line":126,"column":4},"end":{"line":126,"column":50}}]},"10":{"loc":{"start":{"line":126,"column":8},"end":{"line":126,"column":29}},"type":"binary-expr","locations":[{"start":{"line":126,"column":8},"end":{"line":126,"column":16}},{"start":{"line":126,"column":20},"end":{"line":126,"column":29}}]},"11":{"loc":{"start":{"line":127,"column":4},"end":{"line":132,"column":5}},"type":"switch","locations":[{"start":{"line":128,"column":6},"end":{"line":128,"column":33}},{"start":{"line":129,"column":6},"end":{"line":129,"column":33}},{"start":{"line":130,"column":6},"end":{"line":130,"column":33}},{"start":{"line":131,"column":6},"end":{"line":131,"column":34}}]},"12":{"loc":{"start":{"line":146,"column":4},"end":{"line":172,"column":5}},"type":"if","locations":[{"start":{"line":146,"column":4},"end":{"line":172,"column":5}},{"start":{"line":148,"column":11},"end":{"line":172,"column":5}}]},"13":{"loc":{"start":{"line":148,"column":11},"end":{"line":172,"column":5}},"type":"if","locations":[{"start":{"line":148,"column":11},"end":{"line":172,"column":5}},{"start":{"line":150,"column":11},"end":{"line":172,"column":5}}]},"14":{"loc":{"start":{"line":150,"column":11},"end":{"line":172,"column":5}},"type":"if","locations":[{"start":{"line":150,"column":11},"end":{"line":172,"column":5}},{"start":{"line":152,"column":11},"end":{"line":172,"column":5}}]},"15":{"loc":{"start":{"line":152,"column":11},"end":{"line":172,"column":5}},"type":"if","locations":[{"start":{"line":152,"column":11},"end":{"line":172,"column":5}},{"start":{"line":154,"column":11},"end":{"line":172,"column":5}}]},"16":{"loc":{"start":{"line":152,"column":15},"end":{"line":152,"column":43}},"type":"binary-expr","locations":[{"start":{"line":152,"column":15},"end":{"line":152,"column":27}},{"start":{"line":152,"column":31},"end":{"line":152,"column":43}}]},"17":{"loc":{"start":{"line":154,"column":11},"end":{"line":172,"column":5}},"type":"if","locations":[{"start":{"line":154,"column":11},"end":{"line":172,"column":5}},{"start":{"line":156,"column":11},"end":{"line":172,"column":5}}]},"18":{"loc":{"start":{"line":154,"column":15},"end":{"line":154,"column":45}},"type":"binary-expr","locations":[{"start":{"line":154,"column":15},"end":{"line":154,"column":28}},{"start":{"line":154,"column":32},"end":{"line":154,"column":45}}]},"19":{"loc":{"start":{"line":156,"column":11},"end":{"line":172,"column":5}},"type":"if","locations":[{"start":{"line":156,"column":11},"end":{"line":172,"column":5}},{"start":{"line":158,"column":11},"end":{"line":172,"column":5}}]},"20":{"loc":{"start":{"line":158,"column":11},"end":{"line":172,"column":5}},"type":"if","locations":[{"start":{"line":158,"column":11},"end":{"line":172,"column":5}},{"start":{"line":160,"column":11},"end":{"line":172,"column":5}}]},"21":{"loc":{"start":{"line":160,"column":11},"end":{"line":172,"column":5}},"type":"if","locations":[{"start":{"line":160,"column":11},"end":{"line":172,"column":5}},{"start":{"line":162,"column":11},"end":{"line":172,"column":5}}]},"22":{"loc":{"start":{"line":160,"column":15},"end":{"line":160,"column":48}},"type":"binary-expr","locations":[{"start":{"line":160,"column":15},"end":{"line":160,"column":29}},{"start":{"line":160,"column":33},"end":{"line":160,"column":48}}]},"23":{"loc":{"start":{"line":162,"column":11},"end":{"line":172,"column":5}},"type":"if","locations":[{"start":{"line":162,"column":11},"end":{"line":172,"column":5}},{"start":{"line":164,"column":11},"end":{"line":172,"column":5}}]},"24":{"loc":{"start":{"line":162,"column":15},"end":{"line":162,"column":50}},"type":"binary-expr","locations":[{"start":{"line":162,"column":15},"end":{"line":162,"column":30}},{"start":{"line":162,"column":34},"end":{"line":162,"column":50}}]},"25":{"loc":{"start":{"line":164,"column":11},"end":{"line":172,"column":5}},"type":"if","locations":[{"start":{"line":164,"column":11},"end":{"line":172,"column":5}},{"start":{"line":166,"column":11},"end":{"line":172,"column":5}}]},"26":{"loc":{"start":{"line":166,"column":11},"end":{"line":172,"column":5}},"type":"if","locations":[{"start":{"line":166,"column":11},"end":{"line":172,"column":5}},{"start":{"line":168,"column":11},"end":{"line":172,"column":5}}]},"27":{"loc":{"start":{"line":168,"column":11},"end":{"line":172,"column":5}},"type":"if","locations":[{"start":{"line":168,"column":11},"end":{"line":172,"column":5}},{"start":{"line":170,"column":11},"end":{"line":172,"column":5}}]},"28":{"loc":{"start":{"line":170,"column":11},"end":{"line":172,"column":5}},"type":"if","locations":[{"start":{"line":170,"column":11},"end":{"line":172,"column":5}}]}},"s":{"0":1,"1":121,"2":23,"3":1,"4":22,"5":1,"6":21,"7":2,"8":19,"9":1,"10":16,"11":1,"12":16,"13":1,"14":33,"15":33,"16":1,"17":16,"18":1,"19":32,"20":32,"21":1,"22":16,"23":1,"24":48,"25":1,"26":32,"27":1,"28":32,"29":1,"30":32,"31":1,"32":17,"33":16,"34":16,"35":16,"36":16,"37":32,"38":80,"39":80,"40":7,"41":7,"42":7,"43":73,"44":7,"45":7,"46":66,"47":40,"48":26,"49":16,"50":1,"51":16,"52":16,"53":4,"54":12,"55":3,"56":5,"57":1,"58":3,"59":1,"60":9,"61":9,"62":9,"63":9,"64":9,"65":9,"66":1,"67":8,"68":1,"69":7,"70":1,"71":6,"72":1,"73":5,"74":1,"75":4,"76":0,"77":4,"78":0,"79":4,"80":1,"81":3,"82":1,"83":2,"84":0,"85":2,"86":0,"87":2,"88":1,"89":1,"90":1,"91":0,"92":1,"93":1},"f":{"0":1,"1":23,"2":16,"3":16,"4":33,"5":16,"6":32,"7":16,"8":48,"9":32,"10":32,"11":32,"12":16,"13":16,"14":9},"b":{"0":[1,22],"1":[1,21],"2":[22,3],"3":[2,19],"4":[21,2],"5":[1],"6":[7],"7":[7],"8":[40,26],"9":[4],"10":[16,7],"11":[3,5,1,3],"12":[1,8],"13":[1,7],"14":[1,6],"15":[1,5],"16":[6,3],"17":[1,4],"18":[5,3],"19":[0,4],"20":[0,4],"21":[1,3],"22":[4,2],"23":[1,2],"24":[3,2],"25":[0,2],"26":[0,2],"27":[1,1],"28":[1]}}
}
