TN:
SF:src/index.ts
FN:1,(anonymous_1)
FN:4,D
FN:17,(anonymous_3)
FN:21,(anonymous_4)
FN:26,(anonymous_5)
FN:34,(anonymous_6)
FN:39,(anonymous_7)
FN:47,(anonymous_8)
FN:52,(anonymous_9)
FN:57,(anonymous_10)
FN:61,(anonymous_11)
FN:65,(anonymous_12)
FN:74,(anonymous_13)
FN:123,(anonymous_14)
FN:138,(anonymous_15)
FNF:15
FNH:15
FNDA:1,(anonymous_1)
FNDA:23,D
FNDA:16,(anonymous_3)
FNDA:16,(anonymous_4)
FNDA:33,(anonymous_5)
FNDA:16,(anonymous_6)
FNDA:32,(anonymous_7)
FNDA:16,(anonymous_8)
FNDA:48,(anonymous_9)
FNDA:32,(anonymous_10)
FNDA:32,(anonymous_11)
FNDA:32,(anonymous_12)
FNDA:16,(anonymous_13)
FNDA:16,(anonymous_14)
FNDA:9,(anonymous_15)
DA:1,1
DA:4,121
DA:5,23
DA:6,1
DA:7,22
DA:8,1
DA:9,21
DA:10,2
DA:12,19
DA:17,1
DA:18,16
DA:21,1
DA:22,16
DA:26,1
DA:27,33
DA:31,33
DA:34,1
DA:35,16
DA:39,1
DA:40,32
DA:44,32
DA:47,1
DA:48,16
DA:52,1
DA:53,48
DA:57,1
DA:58,32
DA:61,1
DA:62,32
DA:65,1
DA:66,32
DA:74,17
DA:75,16
DA:93,16
DA:94,16
DA:96,80
DA:97,80
DA:98,7
DA:99,7
DA:100,7
DA:103,73
DA:104,7
DA:105,7
DA:108,66
DA:109,40
DA:111,26
DA:115,16
DA:123,1
DA:124,16
DA:125,16
DA:126,15
DA:127,3
DA:128,5
DA:129,4
DA:130,3
DA:138,1
DA:139,9
DA:140,9
DA:141,9
DA:142,9
DA:143,9
DA:145,9
DA:146,1
DA:147,8
DA:148,1
DA:149,7
DA:150,1
DA:151,6
DA:152,1
DA:153,5
DA:154,1
DA:155,4
DA:156,0
DA:157,4
DA:158,0
DA:159,4
DA:160,1
DA:161,3
DA:162,1
DA:163,2
DA:164,0
DA:165,2
DA:166,0
DA:167,2
DA:168,1
DA:169,1
DA:170,1
DA:172,0
DA:174,1
DA:176,1
LF:90
LH:85
BRDA:5,0,0,1
BRDA:5,0,1,22
BRDA:7,1,0,1
BRDA:7,1,1,21
BRDA:7,2,0,22
BRDA:7,2,1,3
BRDA:9,3,0,2
BRDA:9,3,1,19
BRDA:9,4,0,21
BRDA:9,4,1,2
BRDA:74,5,0,1
BRDA:97,6,0,7
BRDA:103,7,0,7
BRDA:108,8,0,40
BRDA:108,8,1,26
BRDA:125,9,0,1
BRDA:125,10,0,16
BRDA:125,10,1,4
BRDA:126,11,0,3
BRDA:126,11,1,5
BRDA:126,11,2,4
BRDA:126,11,3,3
BRDA:145,12,0,1
BRDA:145,12,1,8
BRDA:147,13,0,1
BRDA:147,13,1,7
BRDA:149,14,0,1
BRDA:149,14,1,6
BRDA:151,15,0,1
BRDA:151,15,1,5
BRDA:151,16,0,6
BRDA:151,16,1,3
BRDA:153,17,0,1
BRDA:153,17,1,4
BRDA:153,18,0,5
BRDA:153,18,1,3
BRDA:155,19,0,0
BRDA:155,19,1,4
BRDA:157,20,0,0
BRDA:157,20,1,4
BRDA:159,21,0,1
BRDA:159,21,1,3
BRDA:159,22,0,4
BRDA:159,22,1,2
BRDA:161,23,0,1
BRDA:161,23,1,2
BRDA:161,24,0,3
BRDA:161,24,1,2
BRDA:163,25,0,0
BRDA:163,25,1,2
BRDA:165,26,0,0
BRDA:165,26,1,2
BRDA:167,27,0,1
BRDA:167,27,1,1
BRDA:169,28,0,1
BRF:55
BRH:51
end_of_record
