TN:
SF:src/index.ts
FN:1,(anonymous_1)
FN:4,D
FN:18,(anonymous_3)
FN:22,(anonymous_4)
FN:27,(anonymous_5)
FN:35,(anonymous_6)
FN:40,(anonymous_7)
FN:48,(anonymous_8)
FN:53,(anonymous_9)
FN:58,(anonymous_10)
FN:62,(anonymous_11)
FN:66,(anonymous_12)
FN:75,(anonymous_13)
FN:124,(anonymous_14)
FN:139,(anonymous_15)
FNF:15
FNH:15
FNDA:1,(anonymous_1)
FNDA:23,D
FNDA:16,(anonymous_3)
FNDA:16,(anonymous_4)
FNDA:33,(anonymous_5)
FNDA:16,(anonymous_6)
FNDA:32,(anonymous_7)
FNDA:16,(anonymous_8)
FNDA:48,(anonymous_9)
FNDA:32,(anonymous_10)
FNDA:32,(anonymous_11)
FNDA:32,(anonymous_12)
FNDA:16,(anonymous_13)
FNDA:16,(anonymous_14)
FNDA:9,(anonymous_15)
DA:1,1
DA:4,121
DA:6,23
DA:7,1
DA:8,22
DA:9,1
DA:10,21
DA:11,2
DA:13,19
DA:18,1
DA:19,16
DA:22,1
DA:23,16
DA:27,1
DA:28,33
DA:32,33
DA:35,1
DA:36,16
DA:40,1
DA:41,32
DA:45,32
DA:48,1
DA:49,16
DA:53,1
DA:54,48
DA:58,1
DA:59,32
DA:62,1
DA:63,32
DA:66,1
DA:67,32
DA:75,17
DA:76,16
DA:94,16
DA:95,16
DA:97,80
DA:98,80
DA:99,7
DA:100,7
DA:101,7
DA:104,73
DA:105,7
DA:106,7
DA:109,66
DA:110,40
DA:112,26
DA:116,16
DA:124,1
DA:125,16
DA:126,16
DA:127,12
DA:128,3
DA:129,5
DA:130,1
DA:131,3
DA:139,1
DA:140,9
DA:141,9
DA:142,9
DA:143,9
DA:144,9
DA:146,9
DA:147,1
DA:148,8
DA:149,1
DA:150,7
DA:151,1
DA:152,6
DA:153,1
DA:154,5
DA:155,1
DA:156,4
DA:157,0
DA:158,4
DA:159,0
DA:160,4
DA:161,1
DA:162,3
DA:163,1
DA:164,2
DA:165,0
DA:166,2
DA:167,0
DA:168,2
DA:169,1
DA:170,1
DA:171,1
DA:173,0
DA:175,1
DA:177,1
LF:90
LH:85
BRDA:6,0,0,1
BRDA:6,0,1,22
BRDA:8,1,0,1
BRDA:8,1,1,21
BRDA:8,2,0,22
BRDA:8,2,1,3
BRDA:10,3,0,2
BRDA:10,3,1,19
BRDA:10,4,0,21
BRDA:10,4,1,2
BRDA:75,5,0,1
BRDA:98,6,0,7
BRDA:104,7,0,7
BRDA:109,8,0,40
BRDA:109,8,1,26
BRDA:126,9,0,4
BRDA:126,10,0,16
BRDA:126,10,1,7
BRDA:127,11,0,3
BRDA:127,11,1,5
BRDA:127,11,2,1
BRDA:127,11,3,3
BRDA:146,12,0,1
BRDA:146,12,1,8
BRDA:148,13,0,1
BRDA:148,13,1,7
BRDA:150,14,0,1
BRDA:150,14,1,6
BRDA:152,15,0,1
BRDA:152,15,1,5
BRDA:152,16,0,6
BRDA:152,16,1,3
BRDA:154,17,0,1
BRDA:154,17,1,4
BRDA:154,18,0,5
BRDA:154,18,1,3
BRDA:156,19,0,0
BRDA:156,19,1,4
BRDA:158,20,0,0
BRDA:158,20,1,4
BRDA:160,21,0,1
BRDA:160,21,1,3
BRDA:160,22,0,4
BRDA:160,22,1,2
BRDA:162,23,0,1
BRDA:162,23,1,2
BRDA:162,24,0,3
BRDA:162,24,1,2
BRDA:164,25,0,0
BRDA:164,25,1,2
BRDA:166,26,0,0
BRDA:166,26,1,2
BRDA:168,27,0,1
BRDA:168,27,1,1
BRDA:170,28,0,1
BRF:55
BRH:51
end_of_record
